Arguments: 
  C:\Program Files\nodejs\node.exe C:\Users\Administrator\AppData\Roaming\npm\node_modules\yarn\bin\yarn.js add ant-design-vue

PATH: 
  C:\windows\system32;C:\windows;C:\windows\System32\Wbem;C:\windows\System32\WindowsPowerShell\v1.0\;C:\Program Files (x86)\NVIDIA Corporation\PhysX\Common;C:\Program Files\nodejs\;C:\Program Files\Git\cmd;C:\Users\Administrator\AppData\Local\Microsoft\WindowsApps;C:\Users\Administrator\AppData\Roaming\npm

Yarn version: 
  1.22.10

Node version: 
  14.16.0

Platform: 
  win32 x64

Trace: 
  Error: EPERM: operation not permitted, unlink 'F:\orange-internet-platform-official\node_modules\esbuild\esbuild.exe'

npm manifest: 
  {
    "version": "0.0.0",
    "scripts": {
      "dev": "vite",
      "build": "vue-tsc --noEmit && vite build",
      "serve": "vite preview"
    },
    "dependencies": {
      "animate.css": "^4.1.1",
      "ant-design-vue": "^1.7.5",
      "axios": "^0.21.1",
      "dayjs": "^1.10.5",
      "element-plus": "^1.0.2-beta.46",
      "lodash": "^4.17.21",
      "vue": "^3.0.5",
      "vue-composable": "^1.0.0-beta.23",
      "vue-router": "^4.0.8",
      "vuex": "^4.0.1",
      "vuex-persistedstate": "^4.0.0-beta.3"
    },
    "devDependencies": {
      "@tailwindcss/postcss7-compat": "^2.1.4",
      "@tuimao/eslint-config-preset": "^1.1.0",
      "@tuimao/tailwind-config-preset": "^1.0.0",
      "@types/node": "^15.12.2",
      "@typescript-eslint/parser": "^4.26.1",
      "@vitejs/plugin-vue": "^1.2.3",
      "@vitejs/plugin-vue-jsx": "^1.1.5",
      "@vue/compiler-sfc": "^3.0.5",
      "autoprefixer": "^9",
      "eslint": "^7.28.0",
      "postcss": "^7",
      "prettier": "^2.3.1",
      "sass": "^1.34.1",
      "tailwindcss": "npm:@tailwindcss/postcss7-compat@^2.1.4",
      "typescript": "^4.1.3",
      "vite": "^2.3.5",
      "vue-tsc": "^0.0.24"
    },
    "eslintConfig": {
      "extends": [
        "@tuimao/eslint-config-preset/vue3-typescript"
      ]
    }
  }

yarn manifest: 
  No manifest

Lockfile: 
  No lockfile
